#
# There is insufficient memory for the Java Runtime Environment to continue.
# Native memory allocation (mmap) failed to map 65536 bytes for Failed to commit metaspace.
# Possible reasons:
#   The system is out of physical RAM or swap space
#   The process is running with CompressedOops enabled, and the Java Heap may be blocking the growth of the native heap
# Possible solutions:
#   Reduce memory load on the system
#   Increase physical memory or swap space
#   Check if swap backing store is full
#   Decrease Java heap size (-Xmx/-Xms)
#   Decrease number of Java threads
#   Decrease Java thread stack sizes (-Xss)
#   Set larger code cache with -XX:ReservedCodeCacheSize=
#   JVM is running with Zero Based Compressed Oops mode in which the Java heap is
#     placed in the first 32GB address space. The Java Heap base address is the
#     maximum limit for the native heap growth. Please use -XX:HeapBaseMinAddress
#     to set the Java Heap base and to place the Java Heap above 32GB virtual address.
# This output file may be truncated or incomplete.
#
#  Out of Memory Error (virtualSpaceNode.cpp:110), pid=24228, tid=7084
#
# JRE version: OpenJDK Runtime Environment (17.0.6) (build 17.0.6+0-b2043.56-9586694)
# Java VM: OpenJDK 64-Bit Server VM (17.0.6+0-b2043.56-9586694, mixed mode, tiered, compressed oops, compressed class ptrs, g1 gc, windows-amd64)
# No core dump will be written. Minidumps are not enabled by default on client versions of Windows
#

---------------  S U M M A R Y ------------

Command Line: -Dorg.gradle.appname=gradlew org.gradle.wrapper.GradleWrapperMain -q -Ptarget-platform=android-x64 -Ptarget=C:\Users\Azzam Syafrizal\Desktop\flutter\test_2\Event_Genie\lib\main.dart -Pbase-application-name=android.app.Application -Pdart-defines=Zmx1dHRlci5pbnNwZWN0b3Iuc3RydWN0dXJlZEVycm9ycz1mYWxzZQ==,RkxVVFRFUl9XRUJfQVVUT19ERVRFQ1Q9dHJ1ZQ==,RkxVVFRFUl9XRUJfQ0FOVkFTS0lUX1VSTD1odHRwczovL3d3dy5nc3RhdGljLmNvbS9mbHV0dGVyLWNhbnZhc2tpdC9lYWJiMjI5MDBiNDRlNGRiZjA4NzExZDIxODQzNGZjNDlmMTI5Yjk4Lw== -Pdart-obfuscation=false -Ptrack-widget-creation=true -Ptree-shake-icons=false -Pfilesystem-scheme=org-dartlang-root assembleDebug

Host: Intel(R) Core(TM) i5-9300H CPU @ 2.40GHz, 8 cores, 15G,  Windows 11 , 64 bit Build 22621 (10.0.22621.1778)
Time: Sat Jul  1 02:23:31 2023 Malay Peninsula Standard Time elapsed time: 3.048835 seconds (0d 0h 0m 3s)

---------------  T H R E A D  ---------------

Current thread (0x000001302eef0920):  JavaThread "main" [_thread_in_vm, id=7084, stack(0x00000026f9a00000,0x00000026f9b00000)]

Stack: [0x00000026f9a00000,0x00000026f9b00000]
Native frames: (J=compiled Java code, j=interpreted, Vv=VM code, C=native code)
V  [jvm.dll+0x683b4a]
V  [jvm.dll+0x842654]
V  [jvm.dll+0x843dfe]
V  [jvm.dll+0x844463]
V  [jvm.dll+0x249b75]
V  [jvm.dll+0x83e6ab]
V  [jvm.dll+0x627fa6]
V  [jvm.dll+0x1c194e]
V  [jvm.dll+0x62a8e1]
V  [jvm.dll+0x628946]
V  [jvm.dll+0x632777]
V  [jvm.dll+0x1eda2b]
V  [jvm.dll+0x1edf65]
V  [jvm.dll+0x1ee884]
V  [jvm.dll+0x1e3dcc]
V  [jvm.dll+0x547f8d]
V  [jvm.dll+0x7bd285]
V  [jvm.dll+0x7bd39e]
V  [jvm.dll+0x4117ca]
V  [jvm.dll+0x417949]
C  [java.dll+0x17ec]

Java frames: (J=compiled Java code, j=interpreted, Vv=VM code)
J 751  java.lang.ClassLoader.defineClass1(Ljava/lang/ClassLoader;Ljava/lang/String;[BIILjava/security/ProtectionDomain;Ljava/lang/String;)Ljava/lang/Class; java.base@17.0.6 (0 bytes) @ 0x0000013039ebd9e3 [0x0000013039ebd920+0x00000000000000c3]
J 924 c1 java.lang.ClassLoader.defineClass(Ljava/lang/String;[BIILjava/security/ProtectionDomain;)Ljava/lang/Class; java.base@17.0.6 (43 bytes) @ 0x000001303255b5dc [0x000001303255b280+0x000000000000035c]
J 964 c1 java.security.SecureClassLoader.defineClass(Ljava/lang/String;[BIILjava/security/CodeSource;)Ljava/lang/Class; java.base@17.0.6 (16 bytes) @ 0x000001303256dd8c [0x000001303256dcc0+0x00000000000000cc]
J 842 c1 java.net.URLClassLoader.defineClass(Ljava/lang/String;Ljdk/internal/loader/Resource;)Ljava/lang/Class; java.base@17.0.6 (224 bytes) @ 0x000001303253739c [0x00000130325358c0+0x0000000000001adc]
J 750 c1 java.net.URLClassLoader$1.run()Ljava/lang/Class; java.base@17.0.6 (81 bytes) @ 0x000001303250069c [0x00000130324ffa20+0x0000000000000c7c]
J 709 c1 java.net.URLClassLoader$1.run()Ljava/lang/Object; java.base@17.0.6 (5 bytes) @ 0x00000130324e67c4 [0x00000130324e6740+0x0000000000000084]
J 622 c1 java.security.AccessController.doPrivileged(Ljava/security/PrivilegedExceptionAction;Ljava/security/AccessControlContext;)Ljava/lang/Object; java.base@17.0.6 (26 bytes) @ 0x00000130324b07fc [0x00000130324b0620+0x00000000000001dc]
J 707 c1 java.net.URLClassLoader.findClass(Ljava/lang/String;)Ljava/lang/Class; java.base@17.0.6 (47 bytes) @ 0x00000130324e5a24 [0x00000130324e5880+0x00000000000001a4]
J 582 c1 java.lang.ClassLoader.loadClass(Ljava/lang/String;Z)Ljava/lang/Class; java.base@17.0.6 (121 bytes) @ 0x000001303249b2f4 [0x000001303249ad40+0x00000000000005b4]
J 575 c1 java.lang.ClassLoader.loadClass(Ljava/lang/String;)Ljava/lang/Class; java.base@17.0.6 (7 bytes) @ 0x00000130324981cc [0x00000130324980c0+0x000000000000010c]
v  ~StubRoutines::call_stub
j  org.gradle.internal.logging.text.AbstractStyledTextOutput.withStyle(Lorg/gradle/internal/logging/text/StyledTextOutput$Style;)Lorg/gradle/internal/logging/text/StyledTextOutput;+0
j  org.gradle.internal.buildevents.BuildExceptionReporter.lambda$fillInFailureResolution$0(Lorg/gradle/internal/logging/text/BufferingStyledTextOutput;Lorg/gradle/internal/logging/text/StyledTextOutput;)V+11
j  org.gradle.internal.buildevents.BuildExceptionReporter$$Lambda$60+0x00000008001c51b0.accept(Ljava/lang/Object;)V+8
j  org.gradle.internal.buildevents.BuildExceptionReporter$ContextImpl.appendResolution(Ljava/util/function/Consumer;)V+49
j  org.gradle.internal.buildevents.BuildExceptionReporter.fillInFailureResolution(Lorg/gradle/internal/buildevents/BuildExceptionReporter$FailureDetails;)V+55
j  org.gradle.internal.buildevents.BuildExceptionReporter.constructFailureDetails(Ljava/lang/String;Ljava/lang/Throwable;)Lorg/gradle/internal/buildevents/BuildExceptionReporter$FailureDetails;+33
j  org.gradle.internal.buildevents.BuildExceptionReporter.renderSingleBuildException(Ljava/lang/Throwable;)V+19
j  org.gradle.internal.buildevents.BuildExceptionReporter.execute(Ljava/lang/Throwable;)V+27
j  org.gradle.internal.buildevents.BuildExceptionReporter.execute(Ljava/lang/Object;)V+5
j  org.gradle.launcher.cli.ExceptionReportingAction.execute(Lorg/gradle/launcher/bootstrap/ExecutionListener;)V+89
j  org.gradle.launcher.cli.ExceptionReportingAction.execute(Ljava/lang/Object;)V+5
j  org.gradle.launcher.cli.DefaultCommandLineActionFactory$WithLogging.execute(Lorg/gradle/launcher/bootstrap/ExecutionListener;)V+257
j  org.gradle.launcher.Main.doAction([Ljava/lang/String;Lorg/gradle/launcher/bootstrap/ExecutionListener;)V+14
j  org.gradle.launcher.bootstrap.EntryPoint.run([Ljava/lang/String;)V+12
v  ~StubRoutines::call_stub
j  jdk.internal.reflect.NativeMethodAccessorImpl.invoke0(Ljava/lang/reflect/Method;Ljava/lang/Object;[Ljava/lang/Object;)Ljava/lang/Object;+0 java.base@17.0.6
j  jdk.internal.reflect.NativeMethodAccessorImpl.invoke(Ljava/lang/Object;[Ljava/lang/Object;)Ljava/lang/Object;+133 java.base@17.0.6
j  jdk.internal.reflect.DelegatingMethodAccessorImpl.invoke(Ljava/lang/Object;[Ljava/lang/Object;)Ljava/lang/Object;+6 java.base@17.0.6
j  java.lang.reflect.Method.invoke(Ljava/lang/Object;[Ljava/lang/Object;)Ljava/lang/Object;+59 java.base@17.0.6
j  org.gradle.launcher.bootstrap.ProcessBootstrap.runNoExit(Ljava/lang/String;[Ljava/lang/String;)V+159
j  org.gradle.launcher.bootstrap.ProcessBootstrap.run(Ljava/lang/String;[Ljava/lang/String;)V+2
v  ~StubRoutines::call_stub
j  jdk.internal.reflect.NativeMethodAccessorImpl.invoke0(Ljava/lang/reflect/Method;Ljava/lang/Object;[Ljava/lang/Object;)Ljava/lang/Object;+0 java.base@17.0.6
j  jdk.internal.reflect.NativeMethodAccessorImpl.invoke(Ljava/lang/Object;[Ljava/lang/Object;)Ljava/lang/Object;+133 java.base@17.0.6
j  jdk.internal.reflect.DelegatingMethodAccessorImpl.invoke(Ljava/lang/Object;[Ljava/lang/Object;)Ljava/lang/Object;+6 java.base@17.0.6
j  java.lang.reflect.Method.invoke(Ljava/lang/Object;[Ljava/lang/Object;)Ljava/lang/Object;+59 java.base@17.0.6
j  org.gradle.launcher.GradleMain.main([Ljava/lang/String;)V+100
v  ~StubRoutines::call_stub
j  jdk.internal.reflect.NativeMethodAccessorImpl.invoke0(Ljava/lang/reflect/Method;Ljava/lang/Object;[Ljava/lang/Object;)Ljava/lang/Object;+0 java.base@17.0.6
j  jdk.internal.reflect.NativeMethodAccessorImpl.invoke(Ljava/lang/Object;[Ljava/lang/Object;)Ljava/lang/Object;+133 java.base@17.0.6
j  jdk.internal.reflect.DelegatingMethodAccessorImpl.invoke(Ljava/lang/Object;[Ljava/lang/Object;)Ljava/lang/Object;+6 java.base@17.0.6
j  java.lang.reflect.Method.invoke(Ljava/lang/Object;[Ljava/lang/Object;)Ljava/lang/Object;+59 java.base@17.0.6
j  org.gradle.wrapper.BootstrapMainStarter.start([Ljava/lang/String;Ljava/io/File;)V+82
j  org.gradle.wrapper.WrapperExecutor.execute([Ljava/lang/String;Lorg/gradle/wrapper/Install;Lorg/gradle/wrapper/BootstrapMainStarter;)V+14
j  org.gradle.wrapper.GradleWrapperMain.main([Ljava/lang/String;)V+190
v  ~StubRoutines::call_stub

---------------  P R O C E S S  ---------------

Threads class SMR info:
_java_thread_list=0x000001304fb226d0, length=13, elements={
0x000001302eef0920, 0x000001304e468670, 0x000001304e4699c0, 0x000001304e49cad0,
0x000001304e49d480, 0x000001304e49ee40, 0x000001304e4a3720, 0x000001304e4bb7e0,
0x000001304e4bbcf0, 0x000001304e4cc1e0, 0x000001304e6071c0, 0x000001304e619f80,
0x000001304f84fa00
}

Java Threads: ( => current thread )
=>0x000001302eef0920 JavaThread "main" [_thread_in_vm, id=7084, stack(0x00000026f9a00000,0x00000026f9b00000)]
  0x000001304e468670 JavaThread "Reference Handler" daemon [_thread_blocked, id=10976, stack(0x00000026fa100000,0x00000026fa200000)]
  0x000001304e4699c0 JavaThread "Finalizer" daemon [_thread_blocked, id=3204, stack(0x00000026fa200000,0x00000026fa300000)]
  0x000001304e49cad0 JavaThread "Signal Dispatcher" daemon [_thread_blocked, id=5476, stack(0x00000026fa300000,0x00000026fa400000)]
  0x000001304e49d480 JavaThread "Attach Listener" daemon [_thread_blocked, id=22184, stack(0x00000026fa400000,0x00000026fa500000)]
  0x000001304e49ee40 JavaThread "Service Thread" daemon [_thread_blocked, id=24992, stack(0x00000026fa500000,0x00000026fa600000)]
  0x000001304e4a3720 JavaThread "Monitor Deflation Thread" daemon [_thread_blocked, id=3692, stack(0x00000026fa600000,0x00000026fa700000)]
  0x000001304e4bb7e0 JavaThread "C2 CompilerThread0" daemon [_thread_blocked, id=7340, stack(0x00000026fa700000,0x00000026fa800000)]
  0x000001304e4bbcf0 JavaThread "C1 CompilerThread0" daemon [_thread_blocked, id=16244, stack(0x00000026fa800000,0x00000026fa900000)]
  0x000001304e4cc1e0 JavaThread "Sweeper thread" daemon [_thread_blocked, id=28572, stack(0x00000026fa900000,0x00000026faa00000)]
  0x000001304e6071c0 JavaThread "Notification Thread" daemon [_thread_blocked, id=1104, stack(0x00000026faa00000,0x00000026fab00000)]
  0x000001304e619f80 JavaThread "Common-Cleaner" daemon [_thread_blocked, id=22320, stack(0x00000026fac00000,0x00000026fad00000)]
  0x000001304f84fa00 JavaThread "pool-1-thread-1" [_thread_blocked, id=11716, stack(0x00000026fb300000,0x00000026fb400000)]

Other Threads:
  0x000001304d81b7d0 VMThread "VM Thread" [stack: 0x00000026fa000000,0x00000026fa100000] [id=25200] _threads_hazard_ptr=0x000001304fb226d0
  0x000001302ef7dd30 WatcherThread [stack: 0x00000026fab00000,0x00000026fac00000] [id=24344]
  0x000001302ef5a660 GCTaskThread "GC Thread#0" [stack: 0x00000026f9b00000,0x00000026f9c00000] [id=12432]
  0x000001304ef6fb90 GCTaskThread "GC Thread#1" [stack: 0x00000026fae00000,0x00000026faf00000] [id=22540]
  0x000001304f83fd10 GCTaskThread "GC Thread#2" [stack: 0x00000026faf00000,0x00000026fb000000] [id=2328]
  0x000001304ef9b520 GCTaskThread "GC Thread#3" [stack: 0x00000026fb000000,0x00000026fb100000] [id=27580]
  0x000001304ef9b7d0 GCTaskThread "GC Thread#4" [stack: 0x00000026fb100000,0x00000026fb200000] [id=28412]
  0x000001304effe110 GCTaskThread "GC Thread#5" [stack: 0x00000026fb200000,0x00000026fb300000] [id=22216]
  0x000001302ef6bca0 ConcurrentGCThread "G1 Main Marker" [stack: 0x00000026f9c00000,0x00000026f9d00000] [id=25188]
  0x000001302ef6e670 ConcurrentGCThread "G1 Conc#0" [stack: 0x00000026f9d00000,0x00000026f9e00000] [id=1412]
  0x000001302efae3e0 ConcurrentGCThread "G1 Refine#0" [stack: 0x00000026f9e00000,0x00000026f9f00000] [id=25320]
  0x000001302efaeca0 ConcurrentGCThread "G1 Service" [stack: 0x00000026f9f00000,0x00000026fa000000] [id=18288]

Threads with active compile tasks:

VM state: synchronizing (normal execution)

VM Mutex/Monitor currently owned by a thread:  ([mutex/lock_event])
[0x000001302ccdb400] Metaspace_lock - owner thread: 0x000001302eef0920
[0x000001302eeea910] Threads_lock - owner thread: 0x000001304d81b7d0

Heap address: 0x0000000702600000, size: 4058 MB, Compressed Oops mode: Zero based, Oop shift amount: 3

CDS archive(s) not mapped
Compressed class space mapped at: 0x0000000800000000-0x0000000840000000, reserved size: 1073741824
Narrow klass base: 0x0000000800000000, Narrow klass shift: 0, Narrow klass range: 0x40000000

GC Precious Log:
 CPUs: 8 total, 8 available
 Memory: 16225M
 Large Page Support: Disabled
 NUMA Support: Disabled
 Compressed Oops: Enabled (Zero based)
 Heap Region Size: 2M
 Heap Min Capacity: 8M
 Heap Initial Capacity: 254M
 Heap Max Capacity: 4058M
 Pre-touch: Disabled
 Parallel Workers: 8
 Concurrent Workers: 2
 Concurrent Refinement Workers: 8
 Periodic GC: Disabled

Heap:
 garbage-first heap   total 260096K, used 22280K [0x0000000702600000, 0x0000000800000000)
  region size 2048K, 9 young (18432K), 2 survivors (4096K)
 Metaspace       used 14920K, committed 15104K, reserved 1064960K
  class space    used 1744K, committed 1856K, reserved 1048576K

Heap Regions: E=young(eden), S=young(survivor), O=old, HS=humongous(starts), HC=humongous(continues), CS=collection set, F=free, OA=open archive, CA=closed archive, TAMS=top-at-mark-start (previous, next)
|   0|0x0000000702600000, 0x0000000702600000, 0x0000000702800000|  0%| F|  |TAMS 0x0000000702600000, 0x0000000702600000| Untracked 
|   1|0x0000000702800000, 0x0000000702800000, 0x0000000702a00000|  0%| F|  |TAMS 0x0000000702800000, 0x0000000702800000| Untracked 
|   2|0x0000000702a00000, 0x0000000702c00000, 0x0000000702c00000|100%|HS|  |TAMS 0x0000000702a00000, 0x0000000702a00000| Complete 
|   3|0x0000000702c00000, 0x0000000702e00000, 0x0000000702e00000|100%|HC|  |TAMS 0x0000000702c00000, 0x0000000702c00000| Complete 
|   4|0x0000000702e00000, 0x0000000702fc2000, 0x0000000703000000| 87%| O|  |TAMS 0x0000000702e00000, 0x0000000702e00000| Untracked 
|   5|0x0000000703000000, 0x0000000703000000, 0x0000000703200000|  0%| F|  |TAMS 0x0000000703000000, 0x0000000703000000| Untracked 
|   6|0x0000000703200000, 0x0000000703200000, 0x0000000703400000|  0%| F|  |TAMS 0x0000000703200000, 0x0000000703200000| Untracked 
|   7|0x0000000703400000, 0x0000000703400000, 0x0000000703600000|  0%| F|  |TAMS 0x0000000703400000, 0x0000000703400000| Untracked 
|   8|0x0000000703600000, 0x0000000703600000, 0x0000000703800000|  0%| F|  |TAMS 0x0000000703600000, 0x0000000703600000| Untracked 
|   9|0x0000000703800000, 0x0000000703800000, 0x0000000703a00000|  0%| F|  |TAMS 0x0000000703800000, 0x0000000703800000| Untracked 
|  10|0x0000000703a00000, 0x0000000703a00000, 0x0000000703c00000|  0%| F|  |TAMS 0x0000000703a00000, 0x0000000703a00000| Untracked 
|  11|0x0000000703c00000, 0x0000000703c00000, 0x0000000703e00000|  0%| F|  |TAMS 0x0000000703c00000, 0x0000000703c00000| Untracked 
|  12|0x0000000703e00000, 0x0000000703e00000, 0x0000000704000000|  0%| F|  |TAMS 0x0000000703e00000, 0x0000000703e00000| Untracked 
|  13|0x0000000704000000, 0x0000000704000000, 0x0000000704200000|  0%| F|  |TAMS 0x0000000704000000, 0x0000000704000000| Untracked 
|  14|0x0000000704200000, 0x0000000704200000, 0x0000000704400000|  0%| F|  |TAMS 0x0000000704200000, 0x0000000704200000| Untracked 
|  15|0x0000000704400000, 0x0000000704400000, 0x0000000704600000|  0%| F|  |TAMS 0x0000000704400000, 0x0000000704400000| Untracked 
|  16|0x0000000704600000, 0x0000000704600000, 0x0000000704800000|  0%| F|  |TAMS 0x0000000704600000, 0x0000000704600000| Untracked 
|  17|0x0000000704800000, 0x0000000704800000, 0x0000000704a00000|  0%| F|  |TAMS 0x0000000704800000, 0x0000000704800000| Untracked 
|  18|0x0000000704a00000, 0x0000000704a00000, 0x0000000704c00000|  0%| F|  |TAMS 0x0000000704a00000, 0x0000000704a00000| Untracked 
|  19|0x0000000704c00000, 0x0000000704c00000, 0x0000000704e00000|  0%| F|  |TAMS 0x0000000704c00000, 0x0000000704c00000| Untracked 
|  20|0x0000000704e00000, 0x0000000704e00000, 0x0000000705000000|  0%| F|  |TAMS 0x0000000704e00000, 0x0000000704e00000| Untracked 
|  21|0x0000000705000000, 0x0000000705000000, 0x0000000705200000|  0%| F|  |TAMS 0x0000000705000000, 0x0000000705000000| Untracked 
|  22|0x0000000705200000, 0x0000000705200000, 0x0000000705400000|  0%| F|  |TAMS 0x0000000705200000, 0x0000000705200000| Untracked 
|  23|0x0000000705400000, 0x0000000705400000, 0x0000000705600000|  0%| F|  |TAMS 0x0000000705400000, 0x0000000705400000| Untracked 
|  24|0x0000000705600000, 0x0000000705600000, 0x0000000705800000|  0%| F|  |TAMS 0x0000000705600000, 0x0000000705600000| Untracked 
|  25|0x0000000705800000, 0x0000000705800000, 0x0000000705a00000|  0%| F|  |TAMS 0x0000000705800000, 0x0000000705800000| Untracked 
|  26|0x0000000705a00000, 0x0000000705a00000, 0x0000000705c00000|  0%| F|  |TAMS 0x0000000705a00000, 0x0000000705a00000| Untracked 
|  27|0x0000000705c00000, 0x0000000705c00000, 0x0000000705e00000|  0%| F|  |TAMS 0x0000000705c00000, 0x0000000705c00000| Untracked 
|  28|0x0000000705e00000, 0x0000000705e00000, 0x0000000706000000|  0%| F|  |TAMS 0x0000000705e00000, 0x0000000705e00000| Untracked 
|  29|0x0000000706000000, 0x0000000706000000, 0x0000000706200000|  0%| F|  |TAMS 0x0000000706000000, 0x0000000706000000| Untracked 
|  30|0x0000000706200000, 0x0000000706200000, 0x0000000706400000|  0%| F|  |TAMS 0x0000000706200000, 0x0000000706200000| Untracked 
|  31|0x0000000706400000, 0x0000000706400000, 0x0000000706600000|  0%| F|  |TAMS 0x0000000706400000, 0x0000000706400000| Untracked 
|  32|0x0000000706600000, 0x0000000706600000, 0x0000000706800000|  0%| F|  |TAMS 0x0000000706600000, 0x0000000706600000| Untracked 
|  33|0x0000000706800000, 0x0000000706800000, 0x0000000706a00000|  0%| F|  |TAMS 0x0000000706800000, 0x0000000706800000| Untracked 
|  34|0x0000000706a00000, 0x0000000706a00000, 0x0000000706c00000|  0%| F|  |TAMS 0x0000000706a00000, 0x0000000706a00000| Untracked 
|  35|0x0000000706c00000, 0x0000000706c00000, 0x0000000706e00000|  0%| F|  |TAMS 0x0000000706c00000, 0x0000000706c00000| Untracked 
|  36|0x0000000706e00000, 0x0000000706e00000, 0x0000000707000000|  0%| F|  |TAMS 0x0000000706e00000, 0x0000000706e00000| Untracked 
|  37|0x0000000707000000, 0x0000000707000000, 0x0000000707200000|  0%| F|  |TAMS 0x0000000707000000, 0x0000000707000000| Untracked 
|  38|0x0000000707200000, 0x0000000707200000, 0x0000000707400000|  0%| F|  |TAMS 0x0000000707200000, 0x0000000707200000| Untracked 
|  39|0x0000000707400000, 0x0000000707400000, 0x0000000707600000|  0%| F|  |TAMS 0x0000000707400000, 0x0000000707400000| Untracked 
|  40|0x0000000707600000, 0x0000000707600000, 0x0000000707800000|  0%| F|  |TAMS 0x0000000707600000, 0x0000000707600000| Untracked 
|  41|0x0000000707800000, 0x0000000707800000, 0x0000000707a00000|  0%| F|  |TAMS 0x0000000707800000, 0x0000000707800000| Untracked 
|  42|0x0000000707a00000, 0x0000000707a00000, 0x0000000707c00000|  0%| F|  |TAMS 0x0000000707a00000, 0x0000000707a00000| Untracked 
|  43|0x0000000707c00000, 0x0000000707c00000, 0x0000000707e00000|  0%| F|  |TAMS 0x0000000707c00000, 0x0000000707c00000| Untracked 
|  44|0x0000000707e00000, 0x0000000707e00000, 0x0000000708000000|  0%| F|  |TAMS 0x0000000707e00000, 0x0000000707e00000| Untracked 
|  45|0x0000000708000000, 0x0000000708000000, 0x0000000708200000|  0%| F|  |TAMS 0x0000000708000000, 0x0000000708000000| Untracked 
|  46|0x0000000708200000, 0x0000000708200000, 0x0000000708400000|  0%| F|  |TAMS 0x0000000708200000, 0x0000000708200000| Untracked 
|  47|0x0000000708400000, 0x0000000708400000, 0x0000000708600000|  0%| F|  |TAMS 0x0000000708400000, 0x0000000708400000| Untracked 
|  48|0x0000000708600000, 0x0000000708600000, 0x0000000708800000|  0%| F|  |TAMS 0x0000000708600000, 0x0000000708600000| Untracked 
|  49|0x0000000708800000, 0x0000000708800000, 0x0000000708a00000|  0%| F|  |TAMS 0x0000000708800000, 0x0000000708800000| Untracked 
|  50|0x0000000708a00000, 0x0000000708a00000, 0x0000000708c00000|  0%| F|  |TAMS 0x0000000708a00000, 0x0000000708a00000| Untracked 
|  51|0x0000000708c00000, 0x0000000708c00000, 0x0000000708e00000|  0%| F|  |TAMS 0x0000000708c00000, 0x0000000708c00000| Untracked 
|  52|0x0000000708e00000, 0x0000000708e00000, 0x0000000709000000|  0%| F|  |TAMS 0x0000000708e00000, 0x0000000708e00000| Untracked 
|  53|0x0000000709000000, 0x0000000709000000, 0x0000000709200000|  0%| F|  |TAMS 0x0000000709000000, 0x0000000709000000| Untracked 
|  54|0x0000000709200000, 0x0000000709200000, 0x0000000709400000|  0%| F|  |TAMS 0x0000000709200000, 0x0000000709200000| Untracked 
|  55|0x0000000709400000, 0x0000000709400000, 0x0000000709600000|  0%| F|  |TAMS 0x0000000709400000, 0x0000000709400000| Untracked 
|  56|0x0000000709600000, 0x0000000709600000, 0x0000000709800000|  0%| F|  |TAMS 0x0000000709600000, 0x0000000709600000| Untracked 
|  57|0x0000000709800000, 0x0000000709800000, 0x0000000709a00000|  0%| F|  |TAMS 0x0000000709800000, 0x0000000709800000| Untracked 
|  58|0x0000000709a00000, 0x0000000709a00000, 0x0000000709c00000|  0%| F|  |TAMS 0x0000000709a00000, 0x0000000709a00000| Untracked 
|  59|0x0000000709c00000, 0x0000000709c00000, 0x0000000709e00000|  0%| F|  |TAMS 0x0000000709c00000, 0x0000000709c00000| Untracked 
|  60|0x0000000709e00000, 0x0000000709e00000, 0x000000070a000000|  0%| F|  |TAMS 0x0000000709e00000, 0x0000000709e00000| Untracked 
|  61|0x000000070a000000, 0x000000070a000000, 0x000000070a200000|  0%| F|  |TAMS 0x000000070a000000, 0x000000070a000000| Untracked 
|  62|0x000000070a200000, 0x000000070a200000, 0x000000070a400000|  0%| F|  |TAMS 0x000000070a200000, 0x000000070a200000| Untracked 
|  63|0x000000070a400000, 0x000000070a400000, 0x000000070a600000|  0%| F|  |TAMS 0x000000070a400000, 0x000000070a400000| Untracked 
|  64|0x000000070a600000, 0x000000070a600000, 0x000000070a800000|  0%| F|  |TAMS 0x000000070a600000, 0x000000070a600000| Untracked 
|  65|0x000000070a800000, 0x000000070a800000, 0x000000070aa00000|  0%| F|  |TAMS 0x000000070a800000, 0x000000070a800000| Untracked 
|  66|0x000000070aa00000, 0x000000070aa00000, 0x000000070ac00000|  0%| F|  |TAMS 0x000000070aa00000, 0x000000070aa00000| Untracked 
|  67|0x000000070ac00000, 0x000000070ac00000, 0x000000070ae00000|  0%| F|  |TAMS 0x000000070ac00000, 0x000000070ac00000| Untracked 
|  68|0x000000070ae00000, 0x000000070ae00000, 0x000000070b000000|  0%| F|  |TAMS 0x000000070ae00000, 0x000000070ae00000| Untracked 
|  69|0x000000070b000000, 0x000000070b000000, 0x000000070b200000|  0%| F|  |TAMS 0x000000070b000000, 0x000000070b000000| Untracked 
|  70|0x000000070b200000, 0x000000070b200000, 0x000000070b400000|  0%| F|  |TAMS 0x000000070b200000, 0x000000070b200000| Untracked 
|  71|0x000000070b400000, 0x000000070b400000, 0x000000070b600000|  0%| F|  |TAMS 0x000000070b400000, 0x000000070b400000| Untracked 
|  72|0x000000070b600000, 0x000000070b600000, 0x000000070b800000|  0%| F|  |TAMS 0x000000070b600000, 0x000000070b600000| Untracked 
|  73|0x000000070b800000, 0x000000070b800000, 0x000000070ba00000|  0%| F|  |TAMS 0x000000070b800000, 0x000000070b800000| Untracked 
|  74|0x000000070ba00000, 0x000000070ba00000, 0x000000070bc00000|  0%| F|  |TAMS 0x000000070ba00000, 0x000000070ba00000| Untracked 
|  75|0x000000070bc00000, 0x000000070bc00000, 0x000000070be00000|  0%| F|  |TAMS 0x000000070bc00000, 0x000000070bc00000| Untracked 
|  76|0x000000070be00000, 0x000000070be00000, 0x000000070c000000|  0%| F|  |TAMS 0x000000070be00000, 0x000000070be00000| Untracked 
|  77|0x000000070c000000, 0x000000070c000000, 0x000000070c200000|  0%| F|  |TAMS 0x000000070c000000, 0x000000070c000000| Untracked 
|  78|0x000000070c200000, 0x000000070c200000, 0x000000070c400000|  0%| F|  |TAMS 0x000000070c200000, 0x000000070c200000| Untracked 
|  79|0x000000070c400000, 0x000000070c400000, 0x000000070c600000|  0%| F|  |TAMS 0x000000070c400000, 0x000000070c400000| Untracked 
|  80|0x000000070c600000, 0x000000070c600000, 0x000000070c800000|  0%| F|  |TAMS 0x000000070c600000, 0x000000070c600000| Untracked 
|  81|0x000000070c800000, 0x000000070c800000, 0x000000070ca00000|  0%| F|  |TAMS 0x000000070c800000, 0x000000070c800000| Untracked 
|  82|0x000000070ca00000, 0x000000070ca00000, 0x000000070cc00000|  0%| F|  |TAMS 0x000000070ca00000, 0x000000070ca00000| Untracked 
|  83|0x000000070cc00000, 0x000000070cc00000, 0x000000070ce00000|  0%| F|  |TAMS 0x000000070cc00000, 0x000000070cc00000| Untracked 
|  84|0x000000070ce00000, 0x000000070ce00000, 0x000000070d000000|  0%| F|  |TAMS 0x000000070ce00000, 0x000000070ce00000| Untracked 
|  85|0x000000070d000000, 0x000000070d000000, 0x000000070d200000|  0%| F|  |TAMS 0x000000070d000000, 0x000000070d000000| Untracked 
|  86|0x000000070d200000, 0x000000070d200000, 0x000000070d400000|  0%| F|  |TAMS 0x000000070d200000, 0x000000070d200000| Untracked 
|  87|0x000000070d400000, 0x000000070d400000, 0x000000070d600000|  0%| F|  |TAMS 0x000000070d400000, 0x000000070d400000| Untracked 
|  88|0x000000070d600000, 0x000000070d600000, 0x000000070d800000|  0%| F|  |TAMS 0x000000070d600000, 0x000000070d600000| Untracked 
|  89|0x000000070d800000, 0x000000070d800000, 0x000000070da00000|  0%| F|  |TAMS 0x000000070d800000, 0x000000070d800000| Untracked 
|  90|0x000000070da00000, 0x000000070da00000, 0x000000070dc00000|  0%| F|  |TAMS 0x000000070da00000, 0x000000070da00000| Untracked 
|  91|0x000000070dc00000, 0x000000070dc00000, 0x000000070de00000|  0%| F|  |TAMS 0x000000070dc00000, 0x000000070dc00000| Untracked 
|  92|0x000000070de00000, 0x000000070de00000, 0x000000070e000000|  0%| F|  |TAMS 0x000000070de00000, 0x000000070de00000| Untracked 
|  93|0x000000070e000000, 0x000000070e000000, 0x000000070e200000|  0%| F|  |TAMS 0x000000070e000000, 0x000000070e000000| Untracked 
|  94|0x000000070e200000, 0x000000070e200000, 0x000000070e400000|  0%| F|  |TAMS 0x000000070e200000, 0x000000070e200000| Untracked 
|  95|0x000000070e400000, 0x000000070e400000, 0x000000070e600000|  0%| F|  |TAMS 0x000000070e400000, 0x000000070e400000| Untracked 
|  96|0x000000070e600000, 0x000000070e600000, 0x000000070e800000|  0%| F|  |TAMS 0x000000070e600000, 0x000000070e600000| Untracked 
|  97|0x000000070e800000, 0x000000070e800000, 0x000000070ea00000|  0%| F|  |TAMS 0x000000070e800000, 0x000000070e800000| Untracked 
|  98|0x000000070ea00000, 0x000000070ea00000, 0x000000070ec00000|  0%| F|  |TAMS 0x000000070ea00000, 0x000000070ea00000| Untracked 
|  99|0x000000070ec00000, 0x000000070ec00000, 0x000000070ee00000|  0%| F|  |TAMS 0x000000070ec00000, 0x000000070ec00000| Untracked 
| 100|0x000000070ee00000, 0x000000070ee00000, 0x000000070f000000|  0%| F|  |TAMS 0x000000070ee00000, 0x000000070ee00000| Untracked 
| 101|0x000000070f000000, 0x000000070f000000, 0x000000070f200000|  0%| F|  |TAMS 0x000000070f000000, 0x000000070f000000| Untracked 
| 102|0x000000070f200000, 0x000000070f200000, 0x000000070f400000|  0%| F|  |TAMS 0x000000070f200000, 0x000000070f200000| Untracked 
| 103|0x000000070f400000, 0x000000070f400000, 0x000000070f600000|  0%| F|  |TAMS 0x000000070f400000, 0x000000070f400000| Untracked 
| 104|0x000000070f600000, 0x000000070f600000, 0x000000070f800000|  0%| F|  |TAMS 0x000000070f600000, 0x000000070f600000| Untracked 
| 105|0x000000070f800000, 0x000000070f800000, 0x000000070fa00000|  0%| F|  |TAMS 0x000000070f800000, 0x000000070f800000| Untracked 
| 106|0x000000070fa00000, 0x000000070fa00000, 0x000000070fc00000|  0%| F|  |TAMS 0x000000070fa00000, 0x000000070fa00000| Untracked 
| 107|0x000000070fc00000, 0x000000070fc00000, 0x000000070fe00000|  0%| F|  |TAMS 0x000000070fc00000, 0x000000070fc00000| Untracked 
| 108|0x000000070fe00000, 0x000000070fe00000, 0x0000000710000000|  0%| F|  |TAMS 0x000000070fe00000, 0x000000070fe00000| Untracked 
| 109|0x0000000710000000, 0x0000000710000000, 0x0000000710200000|  0%| F|  |TAMS 0x0000000710000000, 0x0000000710000000| Untracked 
| 110|0x0000000710200000, 0x0000000710200000, 0x0000000710400000|  0%| F|  |TAMS 0x0000000710200000, 0x0000000710200000| Untracked 
| 111|0x0000000710400000, 0x0000000710400000, 0x0000000710600000|  0%| F|  |TAMS 0x0000000710400000, 0x0000000710400000| Untracked 
| 112|0x0000000710600000, 0x0000000710600000, 0x0000000710800000|  0%| F|  |TAMS 0x0000000710600000, 0x0000000710600000| Untracked 
| 113|0x0000000710800000, 0x0000000710800000, 0x0000000710a00000|  0%| F|  |TAMS 0x0000000710800000, 0x0000000710800000| Untracked 
| 114|0x0000000710a00000, 0x0000000710c00000, 0x0000000710c00000|100%| S|CS|TAMS 0x0000000710a00000, 0x0000000710a00000| Complete 
| 115|0x0000000710c00000, 0x0000000710e00000, 0x0000000710e00000|100%| S|CS|TAMS 0x0000000710c00000, 0x0000000710c00000| Complete 
| 116|0x0000000710e00000, 0x0000000710e00000, 0x0000000711000000|  0%| F|  |TAMS 0x0000000710e00000, 0x0000000710e00000| Untracked 
| 117|0x0000000711000000, 0x0000000711000000, 0x0000000711200000|  0%| F|  |TAMS 0x0000000711000000, 0x0000000711000000| Untracked 
| 118|0x0000000711200000, 0x0000000711200000, 0x0000000711400000|  0%| F|  |TAMS 0x0000000711200000, 0x0000000711200000| Untracked 
| 119|0x0000000711400000, 0x0000000711400000, 0x0000000711600000|  0%| F|  |TAMS 0x0000000711400000, 0x0000000711400000| Untracked 
| 120|0x0000000711600000, 0x00000007116f6590, 0x0000000711800000| 48%| E|  |TAMS 0x0000000711600000, 0x0000000711600000| Complete 
| 121|0x0000000711800000, 0x0000000711a00000, 0x0000000711a00000|100%| E|CS|TAMS 0x0000000711800000, 0x0000000711800000| Complete 
| 122|0x0000000711a00000, 0x0000000711c00000, 0x0000000711c00000|100%| E|CS|TAMS 0x0000000711a00000, 0x0000000711a00000| Complete 
| 123|0x0000000711c00000, 0x0000000711e00000, 0x0000000711e00000|100%| E|CS|TAMS 0x0000000711c00000, 0x0000000711c00000| Complete 
| 124|0x0000000711e00000, 0x0000000712000000, 0x0000000712000000|100%| E|CS|TAMS 0x0000000711e00000, 0x0000000711e00000| Complete 
| 125|0x0000000712000000, 0x0000000712200000, 0x0000000712200000|100%| E|CS|TAMS 0x0000000712000000, 0x0000000712000000| Complete 
| 126|0x0000000712200000, 0x0000000712400000, 0x0000000712400000|100%| E|CS|TAMS 0x0000000712200000, 0x0000000712200000| Complete 

Card table byte_map: [0x0000013041ed0000,0x00000130426c0000] _byte_map_base: 0x000001303e6bd000

Marking Bits (Prev, Next): (CMBitMap*) 0x000001302ef5ac70, (CMBitMap*) 0x000001302ef5acb0
 Prev Bits: [0x0000013042eb0000, 0x0000013046e18000)
 Next Bits: [0x0000013046e20000, 0x000001304ad88000)

Polling page: 0x000001302ce90000

Metaspace:

Usage:
  Non-class:     12.87 MB used.
      Class:      1.70 MB used.
       Both:     14.57 MB used.

Virtual space:
  Non-class space:       16.00 MB reserved,      12.94 MB ( 81%) committed,  2 nodes.
      Class space:        1.00 GB reserved,       1.81 MB ( <1%) committed,  1 nodes.
             Both:        1.02 GB reserved,      14.75 MB (  1%) committed. 

Chunk freelists:
   Non-Class:  2.36 MB
       Class:  2.22 MB
        Both:  4.58 MB

MaxMetaspaceSize: unlimited
CompressedClassSpaceSize: 1.00 GB
Initial GC threshold: 21.00 MB
Current GC threshold: 21.00 MB
CDS: off
MetaspaceReclaimPolicy: balanced
 - commit_granule_bytes: 65536.
 - commit_granule_words: 8192.
 - virtual_space_node_default_size: 1048576.
 - enlarge_chunks_in_place: 1.
 - new_chunks_are_fully_committed: 0.
 - uncommit_free_chunks: 1.
 - use_allocation_guard: 0.
 - handle_deallocations: 1.


Internal statistics:

num_allocs_failed_limit: 0.
num_arena_births: 72.
num_arena_deaths: 0.
num_vsnodes_births: 3.
num_vsnodes_deaths: 0.
num_space_committed: 236.
num_space_uncommitted: 0.
num_chunks_returned_to_freelist: 0.
num_chunks_taken_from_freelist: 273.
num_chunk_merges: 0.
num_chunk_splits: 174.
num_chunks_enlarged: 148.
num_purges: 0.
num_inconsistent_stats: 0.

CodeHeap 'non-profiled nmethods': size=120000Kb used=423Kb max_used=423Kb free=119577Kb
 bounds [0x0000013039e80000, 0x000001303a0f0000, 0x00000130413b0000]
CodeHeap 'profiled nmethods': size=120000Kb used=2121Kb max_used=2121Kb free=117878Kb
 bounds [0x00000130323b0000, 0x0000013032620000, 0x00000130398e0000]
CodeHeap 'non-nmethods': size=5760Kb used=1152Kb max_used=1166Kb free=4607Kb
 bounds [0x00000130398e0000, 0x0000013039b50000, 0x0000013039e80000]
 total_blobs=1588 nmethods=1145 adapters=356
 compilation: enabled
              stopped_count=0, restarted_count=0
 full_count=0

Compilation events (20 events):
Event: 3.015 Thread 0x000001304e4bbcf0 1136       3       java.io.File::compareTo (9 bytes)
Event: 3.015 Thread 0x000001304e4bbcf0 nmethod 1136 0x00000130325b8290 code [0x00000130325b8460, 0x00000130325b8788]
Event: 3.015 Thread 0x000001304e4bbcf0 1137       3       java.lang.StringBuilder::append (6 bytes)
Event: 3.015 Thread 0x000001304e4bbcf0 nmethod 1137 0x00000130325b8910 code [0x00000130325b8ac0, 0x00000130325b8c68]
Event: 3.016 Thread 0x000001304e4bbcf0 1138       3       java.io.DataInputStream::readUTF (501 bytes)
Event: 3.018 Thread 0x000001304e4bbcf0 nmethod 1138 0x00000130325b8d10 code [0x00000130325b9160, 0x00000130325bb208]
Event: 3.019 Thread 0x000001304e4bbcf0 1139       3       jdk.internal.org.objectweb.asm.MethodWriter::visitFieldInsn (258 bytes)
Event: 3.020 Thread 0x000001304e4bbcf0 nmethod 1139 0x00000130325bbd90 code [0x00000130325bc000, 0x00000130325bcb88]
Event: 3.020 Thread 0x000001304e4bbcf0 1140       3       jdk.internal.org.objectweb.asm.SymbolTable::addConstantFieldref (10 bytes)
Event: 3.020 Thread 0x000001304e4bbcf0 nmethod 1140 0x00000130325bcf90 code [0x00000130325bd120, 0x00000130325bd268]
Event: 3.021 Thread 0x000001304e4bbcf0 1141  s    3       java.io.BufferedInputStream::read (113 bytes)
Event: 3.022 Thread 0x000001304e4bbcf0 nmethod 1141 0x00000130325bd310 code [0x00000130325bd540, 0x00000130325bde38]
Event: 3.022 Thread 0x000001304e4bbcf0 1143       3       java.io.DataInputStream::readFully (59 bytes)
Event: 3.022 Thread 0x000001304e4bbcf0 nmethod 1143 0x00000130325be090 code [0x00000130325be280, 0x00000130325be808]
Event: 3.022 Thread 0x000001304e4bbcf0 1142       3       java.io.BufferedInputStream::read1 (108 bytes)
Event: 3.022 Thread 0x000001304e4bbcf0 nmethod 1142 0x00000130325bea90 code [0x00000130325bece0, 0x00000130325bf638]
Event: 3.041 Thread 0x000001304e4bbcf0 1144       1       java.util.concurrent.locks.AbstractOwnableSynchronizer::getExclusiveOwnerThread (5 bytes)
Event: 3.041 Thread 0x000001304e4bbcf0 nmethod 1144 0x0000013039ee9910 code [0x0000013039ee9aa0, 0x0000013039ee9b78]
Event: 3.045 Thread 0x000001304e4bbcf0 1145       3       java.lang.invoke.MemberName::checkForTypeAlias (172 bytes)
Event: 3.046 Thread 0x000001304e4bbcf0 nmethod 1145 0x00000130325bf990 code [0x00000130325bfe00, 0x00000130325c1cb8]

GC Heap History (2 events):
Event: 1.419 GC heap before
{Heap before GC invocations=0 (full 0):
 garbage-first heap   total 260096K, used 30720K [0x0000000702600000, 0x0000000800000000)
  region size 2048K, 11 young (22528K), 0 survivors (0K)
 Metaspace       used 10854K, committed 11008K, reserved 1064960K
  class space    used 1114K, committed 1216K, reserved 1048576K
}
Event: 1.447 GC heap after
{Heap after GC invocations=1 (full 0):
 garbage-first heap   total 260096K, used 9992K [0x0000000702600000, 0x0000000800000000)
  region size 2048K, 2 young (4096K), 2 survivors (4096K)
 Metaspace       used 10854K, committed 11008K, reserved 1064960K
  class space    used 1114K, committed 1216K, reserved 1048576K
}

Dll operation events (2 events):
Event: 0.008 Loaded shared library D:\android studio\jbr\bin\java.dll
Event: 0.232 Loaded shared library D:\android studio\jbr\bin\verify.dll

Deoptimization events (20 events):
Event: 1.757 Thread 0x000001302eef0920 Uncommon trap: trap_request=0xffffff45 fr.pc=0x0000013039eb551c relative=0x00000000000010fc
Event: 1.757 Thread 0x000001302eef0920 Uncommon trap: reason=unstable_if action=reinterpret pc=0x0000013039eb551c method=java.util.HashMap.putVal(ILjava/lang/Object;Ljava/lang/Object;ZZ)Ljava/lang/Object; @ 236 c2
Event: 1.757 Thread 0x000001302eef0920 DEOPT PACKING pc=0x0000013039eb551c sp=0x00000026f9afbfd0
Event: 1.757 Thread 0x000001302eef0920 DEOPT UNPACKING pc=0x00000130399369a3 sp=0x00000026f9afbfa8 mode 2
Event: 1.806 Thread 0x000001302eef0920 DEOPT PACKING pc=0x000001303244f565 sp=0x00000026f9afb250
Event: 1.807 Thread 0x000001302eef0920 DEOPT UNPACKING pc=0x0000013039937143 sp=0x00000026f9afa6a0 mode 0
Event: 1.873 Thread 0x000001302eef0920 DEOPT PACKING pc=0x00000130324925c8 sp=0x00000026f9afa300
Event: 1.873 Thread 0x000001302eef0920 DEOPT UNPACKING pc=0x0000013039937143 sp=0x00000026f9af9818 mode 0
Event: 1.921 Thread 0x000001302eef0920 Uncommon trap: trap_request=0xffffffc6 fr.pc=0x0000013039edaa50 relative=0x00000000000005f0
Event: 1.921 Thread 0x000001302eef0920 Uncommon trap: reason=bimorphic_or_optimized_type_check action=maybe_recompile pc=0x0000013039edaa50 method=java.util.concurrent.ConcurrentHashMap.get(Ljava/lang/Object;)Ljava/lang/Object; @ 149 c2
Event: 1.921 Thread 0x000001302eef0920 DEOPT PACKING pc=0x0000013039edaa50 sp=0x00000026f9afbab0
Event: 1.921 Thread 0x000001302eef0920 DEOPT UNPACKING pc=0x00000130399369a3 sp=0x00000026f9afba50 mode 2
Event: 3.009 Thread 0x000001302eef0920 Uncommon trap: trap_request=0xffffff45 fr.pc=0x0000013039eb7464 relative=0x00000000000006a4
Event: 3.009 Thread 0x000001302eef0920 Uncommon trap: reason=unstable_if action=reinterpret pc=0x0000013039eb7464 method=java.lang.AbstractStringBuilder.append(Ljava/lang/String;)Ljava/lang/AbstractStringBuilder; @ 1 c2
Event: 3.009 Thread 0x000001302eef0920 DEOPT PACKING pc=0x0000013039eb7464 sp=0x00000026f9afc830
Event: 3.009 Thread 0x000001302eef0920 DEOPT UNPACKING pc=0x00000130399369a3 sp=0x00000026f9afc7b0 mode 2
Event: 3.010 Thread 0x000001302eef0920 Uncommon trap: trap_request=0xffffff45 fr.pc=0x0000013039eb67e4 relative=0x00000000000006a4
Event: 3.010 Thread 0x000001302eef0920 Uncommon trap: reason=unstable_if action=reinterpret pc=0x0000013039eb67e4 method=java.lang.AbstractStringBuilder.append(Ljava/lang/String;)Ljava/lang/AbstractStringBuilder; @ 1 c2
Event: 3.010 Thread 0x000001302eef0920 DEOPT PACKING pc=0x0000013039eb67e4 sp=0x00000026f9afc7d0
Event: 3.010 Thread 0x000001302eef0920 DEOPT UNPACKING pc=0x00000130399369a3 sp=0x00000026f9afc7b8 mode 2

Classes unloaded (0 events):
No events

Classes redefined (0 events):
No events

Internal exceptions (19 events):
Event: 0.529 Thread 0x000001302eef0920 Exception <a 'java/lang/NoSuchMethodError'{0x0000000712185748}: 'int java.lang.invoke.DirectMethodHandle$Holder.invokeStaticInit(java.lang.Object, java.lang.Object)'> (0x0000000712185748) 
thrown [s\src\hotspot\share\interpreter\linkResolver.cpp, line 771]
Event: 1.366 Thread 0x000001302eef0920 Exception <a 'java/lang/NoSuchMethodError'{0x0000000710eef630}: 'void java.lang.invoke.DirectMethodHandle$Holder.invokeStatic(java.lang.Object, java.lang.Object)'> (0x0000000710eef630) 
thrown [s\src\hotspot\share\interpreter\linkResolver.cpp, line 771]
Event: 1.397 Thread 0x000001302eef0920 Exception <a 'java/lang/NoClassDefFoundError'{0x0000000710f7a770}: org/slf4j/impl/StaticMarkerBinder> (0x0000000710f7a770) 
thrown [s\src\hotspot\share\classfile\systemDictionary.cpp, line 245]
Event: 1.452 Thread 0x000001302eef0920 Exception <a 'java/lang/NoSuchMethodError'{0x0000000712218d40}: 'java.lang.Object java.lang.invoke.DirectMethodHandle$Holder.invokeVirtual(java.lang.Object, java.lang.Object, java.lang.Object, java.lang.Object, java.lang.Object, java.lang.Object, java.lang.Object)'> (0x0000000712218d40) 
thrown [s\src\hotspot\share\interpreter\linkResolver.cpp, line 771]
Event: 1.454 Thread 0x000001302eef0920 Exception <a 'java/lang/NoSuchMethodError'{0x000000071222b1f8}: 'java.lang.Object java.lang.invoke.Invokers$Holder.invoker(java.lang.Object, java.lang.Object, java.lang.Object)'> (0x000000071222b1f8) 
thrown [s\src\hotspot\share\interpreter\linkResolver.cpp, line 771]
Event: 1.458 Thread 0x000001302eef0920 Exception <a 'java/lang/NoSuchMethodError'{0x00000007122343a8}: 'java.lang.Object java.lang.invoke.DirectMethodHandle$Holder.invokeStatic(java.lang.Object, java.lang.Object, int)'> (0x00000007122343a8) 
thrown [s\src\hotspot\share\interpreter\linkResolver.cpp, line 771]
Event: 1.461 Thread 0x000001302eef0920 Exception <a 'java/lang/NoSuchMethodError'{0x0000000712240098}: 'void java.lang.invoke.DelegatingMethodHandle$Holder.delegate(java.lang.Object, java.lang.Object, int, java.lang.Object)'> (0x0000000712240098) 
thrown [s\src\hotspot\share\interpreter\linkResolver.cpp, line 771]
Event: 1.462 Thread 0x000001302eef0920 Exception <a 'java/lang/NoSuchMethodError'{0x0000000712244260}: 'int java.lang.invoke.DirectMethodHandle$Holder.invokeSpecial(java.lang.Object, java.lang.Object, java.lang.Object)'> (0x0000000712244260) 
thrown [s\src\hotspot\share\interpreter\linkResolver.cpp, line 771]
Event: 1.467 Thread 0x000001302eef0920 Exception <a 'java/lang/NoSuchMethodError'{0x0000000712257418}: 'java.lang.Object java.lang.invoke.Invokers$Holder.invokeExact_MT(java.lang.Object, java.lang.Object, java.lang.Object, java.lang.Object)'> (0x0000000712257418) 
thrown [s\src\hotspot\share\interpreter\linkResolver.cpp, line 771]
Event: 1.633 Thread 0x000001302eef0920 Exception <a 'java/lang/NoSuchMethodError'{0x0000000711eb26f0}: 'java.lang.Object java.lang.invoke.DirectMethodHandle$Holder.invokeInterface(java.lang.Object, java.lang.Object, java.lang.Object)'> (0x0000000711eb26f0) 
thrown [s\src\hotspot\share\interpreter\linkResolver.cpp, line 771]
Event: 1.661 Thread 0x000001302eef0920 Implicit null exception at 0x0000013039ecc58f to 0x0000013039ecca04
Event: 1.661 Thread 0x000001302eef0920 Implicit null exception at 0x0000013039ebae94 to 0x0000013039ebb2dc
Event: 1.691 Thread 0x000001302eef0920 Exception <a 'java/lang/NoSuchMethodError'{0x0000000711c6b358}: 'java.lang.Object java.lang.invoke.DirectMethodHandle$Holder.invokeStaticInit(java.lang.Object)'> (0x0000000711c6b358) 
thrown [s\src\hotspot\share\interpreter\linkResolver.cpp, line 771]
Event: 1.914 Thread 0x000001302eef0920 Exception <a 'java/lang/NoSuchMethodError'{0x00000007118613c0}: 'java.lang.Object java.lang.invoke.DirectMethodHandle$Holder.invokeStaticInit(java.lang.Object, int, int, int, int)'> (0x00000007118613c0) 
thrown [s\src\hotspot\share\interpreter\linkResolver.cpp, line 771]
Event: 2.101 Thread 0x000001302eef0920 Exception <a 'java/lang/NoSuchMethodError'{0x000000071193bfc8}: 'java.lang.Object java.lang.invoke.DirectMethodHandle$Holder.invokeStaticInit(java.lang.Object, java.lang.Object, int, int, int, int)'> (0x000000071193bfc8) 
thrown [s\src\hotspot\share\interpreter\linkResolver.cpp, line 771]
Event: 2.974 Thread 0x000001302eef0920 Exception <a 'java/lang/NoSuchMethodError'{0x000000071196cc30}: 'void java.lang.invoke.DirectMethodHandle$Holder.invokeStatic(java.lang.Object, java.lang.Object, java.lang.Object)'> (0x000000071196cc30) 
thrown [s\src\hotspot\share\interpreter\linkResolver.cpp, line 771]
Event: 3.009 Thread 0x000001302eef0920 Implicit null exception at 0x0000013039eb6df2 to 0x0000013039eb744c
Event: 3.010 Thread 0x000001302eef0920 Implicit null exception at 0x0000013039eb6172 to 0x0000013039eb67cc
Event: 3.038 Thread 0x000001302eef0920 Exception <a 'java/io/IOException'{0x000000071166cbd8}: setLength failed> (0x000000071166cbd8) 
thrown [s\src\hotspot\share\prims\jni.cpp, line 536]

VM Operations (14 events):
Event: 0.188 Executing VM operation: HandshakeAllThreads
Event: 0.188 Executing VM operation: HandshakeAllThreads done
Event: 1.183 Executing VM operation: HandshakeAllThreads
Event: 1.183 Executing VM operation: HandshakeAllThreads done
Event: 1.183 Executing VM operation: Cleanup
Event: 1.183 Executing VM operation: Cleanup done
Event: 1.419 Executing VM operation: G1CollectForAllocation
Event: 1.447 Executing VM operation: G1CollectForAllocation done
Event: 1.457 Executing VM operation: HandshakeAllThreads
Event: 1.457 Executing VM operation: HandshakeAllThreads done
Event: 1.932 Executing VM operation: HandshakeAllThreads
Event: 1.933 Executing VM operation: HandshakeAllThreads done
Event: 2.084 Executing VM operation: HandshakeAllThreads
Event: 2.084 Executing VM operation: HandshakeAllThreads done

Events (20 events):
Event: 2.982 loading class sun/nio/ch/SocketOptionRegistry$LazyInitialization
Event: 2.982 loading class sun/nio/ch/SocketOptionRegistry$LazyInitialization done
Event: 2.982 loading class sun/nio/ch/OptionKey
Event: 2.982 loading class sun/nio/ch/OptionKey done
Event: 2.982 loading class sun/nio/ch/ExtendedSocketOption
Event: 2.983 loading class sun/nio/ch/ExtendedSocketOption done
Event: 2.983 loading class sun/nio/ch/ExtendedSocketOption$1
Event: 2.983 loading class sun/nio/ch/ExtendedSocketOption$1 done
Event: 2.986 loading class java/nio/channels/OverlappingFileLockException
Event: 2.986 loading class java/nio/channels/OverlappingFileLockException done
Event: 2.986 loading class java/io/EOFException
Event: 2.986 loading class java/io/EOFException done
Event: 3.002 loading class java/io/DataInputStream
Event: 3.002 loading class java/io/DataInputStream done
Event: 3.020 loading class java/io/DataOutputStream
Event: 3.020 loading class java/io/DataOutputStream done
Event: 3.025 loading class java/io/FileOutputStream$1
Event: 3.025 loading class java/io/FileOutputStream$1 done
Event: 3.038 loading class java/util/concurrent/ConcurrentLinkedQueue$Itr
Event: 3.041 loading class java/util/concurrent/ConcurrentLinkedQueue$Itr done


Dynamic libraries:
0x00007ff6240d0000 - 0x00007ff6240da000 	D:\android studio\jbr\bin\java.exe
0x00007fff0fb90000 - 0x00007fff0fda4000 	C:\WINDOWS\SYSTEM32\ntdll.dll
0x00007fff0f080000 - 0x00007fff0f142000 	C:\WINDOWS\System32\KERNEL32.DLL
0x00007fff0d130000 - 0x00007fff0d4d3000 	C:\WINDOWS\System32\KERNELBASE.dll
0x00007fff0d640000 - 0x00007fff0d751000 	C:\WINDOWS\System32\ucrtbase.dll
0x00007fff04950000 - 0x00007fff0496b000 	D:\android studio\jbr\bin\VCRUNTIME140.dll
0x00007ffef74a0000 - 0x00007ffef74b7000 	D:\android studio\jbr\bin\jli.dll
0x00007fff0f3a0000 - 0x00007fff0f54b000 	C:\WINDOWS\System32\USER32.dll
0x00007ffeedee0000 - 0x00007ffeee16e000 	C:\WINDOWS\WinSxS\amd64_microsoft.windows.common-controls_6595b64144ccf1df_6.0.22621.1635_none_270f70857386168e\COMCTL32.dll
0x00007fff0f550000 - 0x00007fff0f5f7000 	C:\WINDOWS\System32\msvcrt.dll
0x00007fff0e980000 - 0x00007fff0e9a9000 	C:\WINDOWS\System32\GDI32.dll
0x00007fff0cf90000 - 0x00007fff0cfb6000 	C:\WINDOWS\System32\win32u.dll
0x00007fff0d760000 - 0x00007fff0d879000 	C:\WINDOWS\System32\gdi32full.dll
0x00007fff0d5a0000 - 0x00007fff0d63a000 	C:\WINDOWS\System32\msvcp_win.dll
0x00007fff0e0f0000 - 0x00007fff0e121000 	C:\WINDOWS\System32\IMM32.DLL
0x00007fff08580000 - 0x00007fff0858c000 	D:\android studio\jbr\bin\vcruntime140_1.dll
0x00007ffec5f30000 - 0x00007ffec5fbd000 	D:\android studio\jbr\bin\msvcp140.dll
0x00007ffe8e560000 - 0x00007ffe8f1cd000 	D:\android studio\jbr\bin\server\jvm.dll
0x00007fff0f900000 - 0x00007fff0f9ae000 	C:\WINDOWS\System32\ADVAPI32.dll
0x00007fff0d970000 - 0x00007fff0da14000 	C:\WINDOWS\System32\sechost.dll
0x00007fff0f220000 - 0x00007fff0f337000 	C:\WINDOWS\System32\RPCRT4.dll
0x00007fff01b50000 - 0x00007fff01b59000 	C:\WINDOWS\SYSTEM32\WSOCK32.dll
0x00007fff04f50000 - 0x00007fff04f84000 	C:\WINDOWS\SYSTEM32\WINMM.dll
0x00007fff0df70000 - 0x00007fff0dfe1000 	C:\WINDOWS\System32\WS2_32.dll
0x00007fff03340000 - 0x00007fff0334a000 	C:\WINDOWS\SYSTEM32\VERSION.dll
0x00007fff0c050000 - 0x00007fff0c068000 	C:\WINDOWS\SYSTEM32\kernel.appcore.dll
0x00007fff07270000 - 0x00007fff0727a000 	D:\android studio\jbr\bin\jimage.dll
0x00007fff0a8c0000 - 0x00007fff0aaee000 	C:\WINDOWS\SYSTEM32\DBGHELP.DLL
0x00007fff0dbe0000 - 0x00007fff0df69000 	C:\WINDOWS\System32\combase.dll
0x00007fff0dff0000 - 0x00007fff0e0c7000 	C:\WINDOWS\System32\OLEAUT32.dll
0x00007ffeed9d0000 - 0x00007ffeeda02000 	C:\WINDOWS\SYSTEM32\dbgcore.DLL
0x00007fff0d880000 - 0x00007fff0d8fb000 	C:\WINDOWS\System32\bcryptPrimitives.dll
0x00007ffef5ba0000 - 0x00007ffef5bc5000 	D:\android studio\jbr\bin\java.dll
0x00007ffef5b40000 - 0x00007ffef5b58000 	D:\android studio\jbr\bin\zip.dll
0x00007fff0e130000 - 0x00007fff0e92a000 	C:\WINDOWS\System32\SHELL32.dll
0x00007fff0af90000 - 0x00007fff0b85e000 	C:\WINDOWS\SYSTEM32\windows.storage.dll
0x00007fff0ae50000 - 0x00007fff0af8e000 	C:\WINDOWS\SYSTEM32\wintypes.dll
0x00007fff0f800000 - 0x00007fff0f8f1000 	C:\WINDOWS\System32\SHCORE.dll
0x00007fff0f020000 - 0x00007fff0f07e000 	C:\WINDOWS\System32\shlwapi.dll
0x00007fff0cec0000 - 0x00007fff0cee1000 	C:\WINDOWS\SYSTEM32\profapi.dll
0x00007ffef59e0000 - 0x00007ffef59f9000 	D:\android studio\jbr\bin\net.dll
0x00007fff04ae0000 - 0x00007fff04c17000 	C:\WINDOWS\SYSTEM32\WINHTTP.dll
0x00007fff0c540000 - 0x00007fff0c5a9000 	C:\WINDOWS\system32\mswsock.dll
0x00007ffef59c0000 - 0x00007ffef59d6000 	D:\android studio\jbr\bin\nio.dll
0x00007fff05710000 - 0x00007fff05720000 	D:\android studio\jbr\bin\verify.dll
0x00007ffef5ef0000 - 0x00007ffef5f17000 	C:\Users\Azzam Syafrizal\.gradle\native\e1d6ef7f7dcc3fd88c89a11ec53ec762bb8ba0a96d01ffa2cd45eb1d1d8dd5c5\windows-amd64\native-platform.dll
0x00007ffef5b90000 - 0x00007ffef5b99000 	D:\android studio\jbr\bin\management.dll
0x00007ffee93c0000 - 0x00007ffee93cb000 	D:\android studio\jbr\bin\management_ext.dll
0x00007fff0db50000 - 0x00007fff0db58000 	C:\WINDOWS\System32\PSAPI.DLL
0x00007fff0c7a0000 - 0x00007fff0c7bb000 	C:\WINDOWS\SYSTEM32\CRYPTSP.dll
0x00007fff0bfc0000 - 0x00007fff0bff5000 	C:\WINDOWS\system32\rsaenh.dll
0x00007fff0c640000 - 0x00007fff0c668000 	C:\WINDOWS\SYSTEM32\USERENV.dll
0x00007fff0c960000 - 0x00007fff0c988000 	C:\WINDOWS\SYSTEM32\bcrypt.dll
0x00007fff0c7c0000 - 0x00007fff0c7cc000 	C:\WINDOWS\SYSTEM32\CRYPTBASE.dll
0x00007fff0bb00000 - 0x00007fff0bb2d000 	C:\WINDOWS\SYSTEM32\IPHLPAPI.DLL
0x00007fff0e0d0000 - 0x00007fff0e0d9000 	C:\WINDOWS\System32\NSI.dll
0x00007fff04850000 - 0x00007fff04869000 	C:\WINDOWS\SYSTEM32\dhcpcsvc6.DLL
0x00007fff048b0000 - 0x00007fff048cf000 	C:\WINDOWS\SYSTEM32\dhcpcsvc.DLL
0x00007fff0bb30000 - 0x00007fff0bc23000 	C:\WINDOWS\SYSTEM32\DNSAPI.dll

dbghelp: loaded successfully - version: 4.0.5 - missing functions: none
symbol engine: initialized successfully - sym options: 0x614 - pdb path: .;D:\android studio\jbr\bin;C:\WINDOWS\SYSTEM32;C:\WINDOWS\WinSxS\amd64_microsoft.windows.common-controls_6595b64144ccf1df_6.0.22621.1635_none_270f70857386168e;D:\android studio\jbr\bin\server;C:\Users\Azzam Syafrizal\.gradle\native\e1d6ef7f7dcc3fd88c89a11ec53ec762bb8ba0a96d01ffa2cd45eb1d1d8dd5c5\windows-amd64

VM Arguments:
jvm_args: -Dorg.gradle.appname=gradlew 
java_command: org.gradle.wrapper.GradleWrapperMain -q -Ptarget-platform=android-x64 -Ptarget=C:\Users\Azzam Syafrizal\Desktop\flutter\test_2\Event_Genie\lib\main.dart -Pbase-application-name=android.app.Application -Pdart-defines=Zmx1dHRlci5pbnNwZWN0b3Iuc3RydWN0dXJlZEVycm9ycz1mYWxzZQ==,RkxVVFRFUl9XRUJfQVVUT19ERVRFQ1Q9dHJ1ZQ==,RkxVVFRFUl9XRUJfQ0FOVkFTS0lUX1VSTD1odHRwczovL3d3dy5nc3RhdGljLmNvbS9mbHV0dGVyLWNhbnZhc2tpdC9lYWJiMjI5MDBiNDRlNGRiZjA4NzExZDIxODQzNGZjNDlmMTI5Yjk4Lw== -Pdart-obfuscation=false -Ptrack-widget-creation=true -Ptree-shake-icons=false -Pfilesystem-scheme=org-dartlang-root assembleDebug
java_class_path (initial): C:\Users\Azzam Syafrizal\Desktop\flutter\test_2\Event_Genie\android\\gradle\wrapper\gradle-wrapper.jar
Launcher Type: SUN_STANDARD

[Global flags]
     intx CICompilerCount                          = 4                                         {product} {ergonomic}
     uint ConcGCThreads                            = 2                                         {product} {ergonomic}
     uint G1ConcRefinementThreads                  = 8                                         {product} {ergonomic}
   size_t G1HeapRegionSize                         = 2097152                                   {product} {ergonomic}
    uintx GCDrainStackTargetSize                   = 64                                        {product} {ergonomic}
   size_t InitialHeapSize                          = 266338304                                 {product} {ergonomic}
   size_t MarkStackSize                            = 4194304                                   {product} {ergonomic}
   size_t MaxHeapSize                              = 4255121408                                {product} {ergonomic}
   size_t MaxNewSize                               = 2552233984                                {product} {ergonomic}
   size_t MinHeapDeltaBytes                        = 2097152                                   {product} {ergonomic}
   size_t MinHeapSize                              = 8388608                                   {product} {ergonomic}
    uintx NonNMethodCodeHeapSize                   = 5839372                                {pd product} {ergonomic}
    uintx NonProfiledCodeHeapSize                  = 122909434                              {pd product} {ergonomic}
    uintx ProfiledCodeHeapSize                     = 122909434                              {pd product} {ergonomic}
    uintx ReservedCodeCacheSize                    = 251658240                              {pd product} {ergonomic}
     bool SegmentedCodeCache                       = true                                      {product} {ergonomic}
   size_t SoftMaxHeapSize                          = 4255121408                             {manageable} {ergonomic}
     bool UseCompressedClassPointers               = true                           {product lp64_product} {ergonomic}
     bool UseCompressedOops                        = true                           {product lp64_product} {ergonomic}
     bool UseG1GC                                  = true                                      {product} {ergonomic}
     bool UseLargePagesIndividualAllocation        = false                                  {pd product} {ergonomic}

Logging:
Log output configuration:
 #0: stdout all=warning uptime,level,tags
 #1: stderr all=off uptime,level,tags

Environment Variables:
JAVA_HOME=D:\android studio\jbr
CLASSPATH=C:\Users\Azzam Syafrizal\Desktop\flutter\test_2\Event_Genie\android\\gradle\wrapper\gradle-wrapper.jar
PATH=D:\android studio\jbr\bin;C:\Program Files (x86)\VMware\VMware Workstation\bin\;C:\WINDOWS\system32;C:\WINDOWS;C:\WINDOWS\System32\Wbem;C:\WINDOWS\System32\WindowsPowerShell\v1.0\;C:\Program Files\Git\cmd;C:\Program Files\nodejs\;C:\Program Files\MongoDB\Server\4.4\bin;C:\Strawberry\c\bin;C:\Strawberry\perl\site\bin;C:\Strawberry\perl\bin;C:\Program Files\dotnet\;C:\Users\Azzam Syafrizal\AppData\Local\Programs\Python\Python311\Scripts\;C:\Users\Azzam Syafrizal\AppData\Local\Programs\Python\Python311\;C:\Users\Azzam Syafrizal\AppData\Local\Microsoft\WindowsApps;C:\Users\Azzam Syafrizal\AppData\Local\Programs\Microsoft VS Code\bin;C:\Users\Azzam Syafrizal\Desktop\Gradle\gradle-7.4.2-bin\gradle-7.4.2\bin;C:\Users\Azzam Syafrizal\Desktop\oop\apache-maven-3.8.6\bin;C:\src\flutter\bin;C:\Program Files (x86)\Nmap;C:\dart-sdk\bin;C:\Users\Azzam Syafrizal\AppData\Roaming\npm;C:\Users\Azzam Syafrizal\AppData\Local\Pub\Cache\bin;C:\Program Files (x86)\VMware\VMware Workstation\bin\;C:\WINDOWS\system32;C:\WINDOWS;C:\WINDOWS\System32\Wbem;C:\WINDOWS\System32\WindowsPowerShell\v1.0\;C:\Program Files\Git\cmd;C:\Program Files\nodejs\;C:\Program Files\MongoDB\Server\4.4\bin;C:\Strawberry\c\bin;C:\Strawberry\perl\site\bin;C:\Strawberry\perl\bin;C:\Program Files\dotnet\;C:\Users\Azzam Syafrizal\AppData\Local\Programs\Python\Python311\Scripts\;C:\Users\Azzam Syafrizal\AppData\Local\Programs\Python\Python311\;C:\Users\Azzam Syafrizal\AppData\Local\Microsoft\WindowsApps;C:\Users\Azzam Syafrizal\AppData\Local\Programs\Microsoft VS Code\bin;C:\Users\Azzam Syafrizal\Desktop\Gradle\gradle-7.4.2-bin\gradle-7.4.2\bin;C:\Users\Azzam Syafrizal\Desktop\oop\apache-maven-3.8.6\bin;C:\src\flutter\bin;C:\Program Files (x86)\Nmap;C:\dart-sdk\bin;C:\Users\Azzam Syafrizal\AppData\Roaming\npm;;C:\src\flutter\bin\mingit\cmd;C:\src\flutter\bin\mingit\cmd
USERNAME=Azzam Syafrizal
OS=Windows_NT
PROCESSOR_IDENTIFIER=Intel64 Family 6 Model 158 Stepping 10, GenuineIntel
TMP=C:\Users\AZZAMS~1\AppData\Local\Temp
TEMP=C:\Users\AZZAMS~1\AppData\Local\Temp



---------------  S Y S T E M  ---------------

OS:
 Windows 11 , 64 bit Build 22621 (10.0.22621.1778)
OS uptime: 2 days 5:47 hours

CPU: total 8 (initial active 8) (4 cores per cpu, 2 threads per core) family 6 model 158 stepping 10 microcode 0xde, cx8, cmov, fxsr, ht, mmx, 3dnowpref, sse, sse2, sse3, ssse3, sse4.1, sse4.2, popcnt, lzcnt, tsc, tscinvbit, avx, avx2, aes, erms, clmul, bmi1, bmi2, adx, fma, vzeroupper, clflush, clflushopt

Memory: 4k page, system-wide physical 16225M (614M free)
TotalPageFile size 65377M (AvailPageFile size 115M)
current process WorkingSet (physical memory assigned to process): 93M, peak: 93M
current process commit charge ("private bytes"): 359M, peak: 359M

vm_info: OpenJDK 64-Bit Server VM (17.0.6+0-b2043.56-9586694) for windows-amd64 JRE (17.0.6+0-b2043.56-9586694), built on Feb  9 2023 20:06:20 by "androidbuild" with MS VC++ 16.10 / 16.11 (VS2019)

END.
